<?xml version="1.0" encoding="UTF-8"?>
<testng-results skipped="0" failed="0" ignored="0" total="1" passed="1">
  <reporter-output>
  </reporter-output>
  <suite name="Default suite" duration-ms="211" started-at="2019-04-13T11:43:13Z" finished-at="2019-04-13T11:43:13Z">
    <groups>
    </groups>
    <test name="Default test" duration-ms="211" started-at="2019-04-13T11:43:13Z" finished-at="2019-04-13T11:43:13Z">
      <class name="Com.TestCases.First">
        <test-method status="PASS" signature="first()[pri:0, instance:Com.TestCases.First@573f2bb1]" name="first" duration-ms="62" started-at="2019-04-13T11:43:13Z" finished-at="2019-04-13T11:43:13Z">
          <reporter-output>
          </reporter-output>
        </test-method> <!-- first -->
      </class> <!-- Com.TestCases.First -->
    </test> <!-- Default test -->
  </suite> <!-- Default suite -->
</testng-results>
